<?xml version="1.0" encoding="UTF-8"?>
<testsuite xmlns:xsi="http://www.w3.org/2001/XMLSchema-instance" xsi:schemaLocation="https://maven.apache.org/surefire/maven-surefire-plugin/xsd/surefire-test-report.xsd" name="com.sk.vendingmachine.dao.VendingMachineDaoFileImplTest" time="0.315" tests="2" errors="0" skipped="0" failures="1">
  <properties>
[...]
</properties>
  <testcase name="testGetItem" classname="com.sk.vendingmachine.dao.VendingMachineDaoFileImplTest" time="0.288"/>
  <testcase name="testGetAllAndGetAvailableItem" classname="com.sk.vendingmachine.dao.VendingMachineDaoFileImplTest" time="0.026">
    <failure message="All item list should contain item 1 ==&gt; expected: &lt;true&gt; but was: &lt;false&gt;" type="org.opentest4j.AssertionFailedError"><![CDATA[org.opentest4j.AssertionFailedError: All item list should contain item 1 ==> expected: <true> but was: <false>
	at com.sk.vendingmachine.dao.VendingMachineDaoFileImplTest.testGetAllAndGetAvailableItem(VendingMachineDaoFileImplTest.java:100)
]]></failure>
    <system-err><![CDATA[Sep. 09, 2021 2:39:05 P.M. org.springframework.context.support.ClassPathXmlApplicationContext prepareRefresh
INFO: Refreshing org.springframework.context.support.ClassPathXmlApplicationContext@6dab9b6d: startup date [Thu Sep 09 14:39:05 MDT 2021]; root of context hierarchy
Sep. 09, 2021 2:39:05 P.M. org.springframework.beans.factory.xml.XmlBeanDefinitionReader loadBeanDefinitions
INFO: Loading XML bean definitions from class path resource [applicationContext.xml]
]]></system-err>
  </testcase>
</testsuite>